<?xml version="1.0" encoding="UTF-8"?>
<!-- Generated by org.testng.reporters.JUnitReportReporter -->
<testsuite skipped="0" hostname="user-PC" name="TestNg.Annotation" tests="1" failures="0" timestamp="15 Dec 2018 03:22:28 GMT" time="0.008" errors="0">
  <testcase name="script1" time="0.008" classname="TestNg.Annotation"/>
</testsuite> <!-- TestNg.Annotation -->
