<?xml version="1.0" encoding="UTF-8"?>
<!-- Generated by org.testng.reporters.JUnitReportReporter -->
<testsuite skipped="0" hostname="user-PC" name="TestNg.Annotation2" tests="3" failures="0" timestamp="18 Dec 2018 03:39:27 GMT" time="0.017" errors="0">
  <testcase name="script2" time="0.003" classname="TestNg.Annotation2"/>
  <testcase name="script1" time="0.012" classname="TestNg.Annotation2"/>
  <testcase name="script3" time="0.002" classname="TestNg.Annotation2"/>
</testsuite> <!-- TestNg.Annotation2 -->
